Izakaya_100421/Temp/gradleOut/launcher/build/intermediates/manifest_merge_blame_file/release/manifest-merger-blame-release-report.txt
1<?xml version="1.0" encoding="utf-8"?>
2<!-- GENERATED BY UNITY. REMOVE THIS COMMENT TO PREVENT OVERWRITING WHEN EXPORTING AGAIN -->
3<manifest xmlns:android="http://schemas.android.com/apk/res/android"
4    package="com.MYinc.MelVRRoom"
5    android:installLocation="preferExternal"
6    android:versionCode="1"
7    android:versionName="0.1" >
8
9    <uses-sdk
10        android:minSdkVersion="23"
10-->src/main/AndroidManifest.xml
11        android:targetSdkVersion="29" />
11-->src/main/AndroidManifest.xml
12
13    <supports-screens
13-->src/main/AndroidManifest.xml:4:3-163
14        android:anyDensity="true"
14-->src/main/AndroidManifest.xml:4:135-160
15        android:largeScreens="true"
15-->src/main/AndroidManifest.xml:4:78-105
16        android:normalScreens="true"
16-->src/main/AndroidManifest.xml:4:49-77
17        android:smallScreens="true"
17-->src/main/AndroidManifest.xml:4:21-48
18        android:xlargeScreens="true" />
18-->src/main/AndroidManifest.xml:4:106-134
19
20    <uses-feature android:glEsVersion="0x00030000" />
20-->[:unityLibrary] AndroidManifest.xml:14:5-54
20-->[:unityLibrary] AndroidManifest.xml:14:19-51
21    <uses-feature
21-->[:unityLibrary] AndroidManifest.xml:15:5-17:36
22        android:name="android.hardware.vulkan.version"
22-->[:unityLibrary] AndroidManifest.xml:16:9-55
23        android:required="false" />
23-->[:unityLibrary] AndroidManifest.xml:17:9-33
24
25    <uses-permission android:name="android.permission.INTERNET" />
25-->[:unityLibrary] AndroidManifest.xml:19:5-67
25-->[:unityLibrary] AndroidManifest.xml:19:22-64
26
27    <uses-feature
27-->[:unityLibrary] AndroidManifest.xml:21:5-23:36
28        android:name="android.hardware.touchscreen"
28-->[:unityLibrary] AndroidManifest.xml:22:9-52
29        android:required="false" />
29-->[:unityLibrary] AndroidManifest.xml:23:9-33
30    <uses-feature
30-->[:unityLibrary] AndroidManifest.xml:24:5-26:36
31        android:name="android.hardware.touchscreen.multitouch"
31-->[:unityLibrary] AndroidManifest.xml:25:9-63
32        android:required="false" />
32-->[:unityLibrary] AndroidManifest.xml:26:9-33
33    <uses-feature
33-->[:unityLibrary] AndroidManifest.xml:27:5-29:36
34        android:name="android.hardware.touchscreen.multitouch.distinct"
34-->[:unityLibrary] AndroidManifest.xml:28:9-72
35        android:required="false" />
35-->[:unityLibrary] AndroidManifest.xml:29:9-33
36    <uses-feature
36-->[:unityLibrary] AndroidManifest.xml:30:5-33:31
37        android:name="android.hardware.vr.headtracking"
37-->[:unityLibrary] AndroidManifest.xml:31:9-56
38        android:required="true"
38-->[:unityLibrary] AndroidManifest.xml:32:9-32
39        android:version="1" />
39-->[:unityLibrary] AndroidManifest.xml:33:9-28
40
41    <application
41-->src/main/AndroidManifest.xml:5:3-116
42        android:extractNativeLibs="true"
42-->src/main/AndroidManifest.xml:5:16-48
43        android:icon="@mipmap/app_icon"
43-->src/main/AndroidManifest.xml:5:82-113
44        android:label="@string/app_name" >
44-->src/main/AndroidManifest.xml:5:49-81
45        <activity
45-->[:unityLibrary] AndroidManifest.xml:36:9-59:20
46            android:name="com.unity3d.player.UnityPlayerActivity"
46-->[:unityLibrary] AndroidManifest.xml:37:13-66
47            android:configChanges="keyboard|keyboardHidden|navigation|orientation|screenLayout|screenSize|uiMode"
47-->[:unityLibrary] AndroidManifest.xml:38:13-114
48            android:hardwareAccelerated="false"
48-->[:unityLibrary] AndroidManifest.xml:39:13-48
49            android:launchMode="singleTask"
49-->[:unityLibrary] AndroidManifest.xml:40:13-44
50            android:screenOrientation="landscape"
50-->[:unityLibrary] AndroidManifest.xml:41:13-50
51            android:theme="@android:style/Theme.Black.NoTitleBar.Fullscreen" >
51-->[:unityLibrary] AndroidManifest.xml:42:13-77
52            <intent-filter>
52-->[:unityLibrary] AndroidManifest.xml:43:13-48:29
53                <action android:name="android.intent.action.MAIN" />
53-->[:unityLibrary] AndroidManifest.xml:44:17-69
53-->[:unityLibrary] AndroidManifest.xml:44:25-66
54
55                <category android:name="android.intent.category.LAUNCHER" />
55-->[:unityLibrary] AndroidManifest.xml:46:17-77
55-->[:unityLibrary] AndroidManifest.xml:46:27-74
56                <category android:name="com.oculus.intent.category.VR" />
56-->[:unityLibrary] AndroidManifest.xml:47:17-74
56-->[:unityLibrary] AndroidManifest.xml:47:27-71
57            </intent-filter>
58
59            <meta-data
59-->[:unityLibrary] AndroidManifest.xml:50:13-52:40
60                android:name="unityplayer.UnityActivity"
60-->[:unityLibrary] AndroidManifest.xml:51:17-57
61                android:value="true" />
61-->[:unityLibrary] AndroidManifest.xml:52:17-37
62            <meta-data
62-->[:unityLibrary] AndroidManifest.xml:53:13-55:40
63                android:name="android.notch_support"
63-->[:unityLibrary] AndroidManifest.xml:54:17-53
64                android:value="true" />
64-->[:unityLibrary] AndroidManifest.xml:55:17-37
65            <meta-data
65-->[:unityLibrary] AndroidManifest.xml:56:13-58:40
66                android:name="com.oculus.vr.focusaware"
66-->[:unityLibrary] AndroidManifest.xml:57:17-56
67                android:value="true" />
67-->[:unityLibrary] AndroidManifest.xml:58:17-37
68        </activity>
69
70        <meta-data
70-->[:unityLibrary] AndroidManifest.xml:61:9-63:33
71            android:name="unity.splash-mode"
71-->[:unityLibrary] AndroidManifest.xml:62:13-45
72            android:value="0" />
72-->[:unityLibrary] AndroidManifest.xml:63:13-30
73        <meta-data
73-->[:unityLibrary] AndroidManifest.xml:64:9-66:36
74            android:name="unity.splash-enable"
74-->[:unityLibrary] AndroidManifest.xml:65:13-47
75            android:value="True" />
75-->[:unityLibrary] AndroidManifest.xml:66:13-33
76        <meta-data
76-->[:unityLibrary] AndroidManifest.xml:67:9-69:50
77            android:name="notch.config"
77-->[:unityLibrary] AndroidManifest.xml:68:13-40
78            android:value="portrait|landscape" />
78-->[:unityLibrary] AndroidManifest.xml:69:13-47
79        <meta-data
79-->[:unityLibrary] AndroidManifest.xml:70:9-72:68
80            android:name="unity.build-id"
80-->[:unityLibrary] AndroidManifest.xml:71:13-42
81            android:value="05d50de9-e172-4340-9d85-686ba544f538" />
81-->[:unityLibrary] AndroidManifest.xml:72:13-65
82        <meta-data
82-->[:unityLibrary] AndroidManifest.xml:73:9-75:39
83            android:name="com.samsung.android.vr.application.mode"
83-->[:unityLibrary] AndroidManifest.xml:74:13-67
84            android:value="vr_only" />
84-->[:unityLibrary] AndroidManifest.xml:75:13-36
85        <meta-data
85-->[:unityLibrary] AndroidManifest.xml:76:9-78:37
86            android:name="com.unity.xr.oculus.LowOverheadMode"
86-->[:unityLibrary] AndroidManifest.xml:77:13-63
87            android:value="false" />
87-->[:unityLibrary] AndroidManifest.xml:78:13-34
88        <meta-data
88-->[:unityLibrary] AndroidManifest.xml:79:9-81:44
89            android:name="com.oculus.supportedDevices"
89-->[:unityLibrary] AndroidManifest.xml:80:13-55
90            android:value="quest|quest2" />
90-->[:unityLibrary] AndroidManifest.xml:81:13-41
91    </application>
92
93</manifest>